0 info it worked if it ends with ok
1 verbose cli [ 'node', '/usr/local/bin/npm', 'install', '-g', 'testeem' ]
2 info using npm@1.2.25
3 info using node@v0.10.10
4 verbose read json /usr/local/lib/package.json
5 verbose read json /usr/local/lib/package.json
6 verbose cache add [ 'testeem', null ]
7 verbose cache add name=undefined spec="testeem" args=["testeem",null]
8 verbose parsed url { protocol: null,
8 verbose parsed url   slashes: null,
8 verbose parsed url   auth: null,
8 verbose parsed url   host: null,
8 verbose parsed url   port: null,
8 verbose parsed url   hostname: null,
8 verbose parsed url   hash: null,
8 verbose parsed url   search: null,
8 verbose parsed url   query: null,
8 verbose parsed url   pathname: 'testeem',
8 verbose parsed url   path: 'testeem',
8 verbose parsed url   href: 'testeem' }
9 silly lockFile 0b382d46-testeem testeem
10 verbose lock testeem /Users/sylvainfaucherand/.npm/0b382d46-testeem.lock
11 silly lockFile 0b382d46-testeem testeem
12 silly lockFile 0b382d46-testeem testeem
13 verbose addNamed [ 'testeem', '' ]
14 verbose addNamed [ null, '' ]
15 silly lockFile 4f64794b-testeem testeem@
16 verbose lock testeem@ /Users/sylvainfaucherand/.npm/4f64794b-testeem.lock
17 silly addNameRange { name: 'testeem', range: '', hasData: false }
18 verbose url raw testeem
19 verbose url resolving [ 'https://registry.npmjs.org/', './testeem' ]
20 verbose url resolved https://registry.npmjs.org/testeem
21 info trying registry request attempt 1 at 12:29:03
22 http GET https://registry.npmjs.org/testeem
23 http 404 https://registry.npmjs.org/testeem
24 silly registry.get cb [ 404,
24 silly registry.get   { server: 'CouchDB/1.3.0 (Erlang OTP/R15B03)',
24 silly registry.get     date: 'Tue, 25 Jun 2013 10:29:04 GMT',
24 silly registry.get     'content-type': 'application/json',
24 silly registry.get     'content-length': '52',
24 silly registry.get     'cache-control': 'must-revalidate' } ]
25 silly lockFile 4f64794b-testeem testeem@
26 silly lockFile 4f64794b-testeem testeem@
27 error 404 'testeem' is not in the npm registry.
27 error 404 You should bug the author to publish it
27 error 404
27 error 404 Note that you can also install from a
27 error 404 tarball, folder, or http url, or git url.
28 error System Darwin 12.1.0
29 error command "node" "/usr/local/bin/npm" "install" "-g" "testeem"
30 error cwd /Users/sylvainfaucherand/Documents/git/tetra
31 error node -v v0.10.10
32 error npm -v 1.2.25
33 error code E404
34 verbose exit [ 1, true ]
